 

------------------------------------------------------------------------------------------------------------------------------------
Date        Tran    Ref Num    Particulars                      Debit Amt.          Credit Amt.          Balance Amt.         Contra
            Id                                                                                                                Date
------------------------------------------------------------------------------------------------------------------------------------
                                                                                                                                    
         Account Opening balance : Nil                                                                                              
         Brought Forward :                                                                                         0.0000CR         
22-10-2014 S9368030 TCS        281862841585//SOL/9307020                                 200.00              200.00CR               
10-02-2015 S7113338            Int:16-10-2014/31-01-2015                                   2.00              202.00CR               
11-04-2015 S5052800 TCS        429777342311//MT/101.57.4                               1,970.00            2,172.00CR               
13-04-2015 BI330270            TO CASH                             1,800.00                                  372.00CR               
20-06-2015 S2980518 TCS        490282132786//MT/115.245.                               5,245.00            5,617.00CR               
22-06-2015 BI223976            TO CASH                             5,500.00                                  117.00CR               
08-08-2015 S1960004            Int:01-02-2015/31-07-2015                                   7.00              124.00CR               
12-08-2015  S880374 TCS        536346550114//MT/106.220.                               9,945.00           10,069.00CR               
14-08-2015 BI311008            TO CASH                             9,500.00                                  569.00CR               
31-08-2015 BI332481            TO CASH                               400.00                                  169.00CR               
28-12-2015 S5842343 0000109769 IMPS/RRN: 536217091310/BE                                   1.00              170.00CR               
28-12-2015 S5845991 0000109770 IMPS/RRN: 536217333307/ca                               4,900.00            5,070.00CR               
29-12-2015 BI140965            TO CASH                             4,800.00                                  270.00CR               
15-02-2016 S1752148            Int:01-08-2015/31-01-2016                                   7.00              277.00CR               
22-04-2016 S3160051 0000153825 IMPS/RRN: 611310289601/BE                                   1.00              278.00CR               
22-04-2016 S3162445 0000153826 IMPS/RRN: 611311986614/an                                 999.00            1,277.00CR               
10-05-2016 S4162143            Int:01-02-2016/30-04-2016                                   4.00            1,281.00CR               
27-05-2016 BI394790            TO CASH                             1,000.00                                  281.00CR               
10-08-2016 S6697106            Int:01-05-2016/31-07-2016                                   6.00              287.00CR               
13-11-2016 S9756723            Int:01-08-2016/31-10-2016                                   3.00              290.00CR               
12-01-2017 S7459278 0000295897 IMPS/RRN: 701210580021/P2                               5,000.00            5,290.00CR               
12-01-2017 S7462249 0000295898 IMPS/RRN: 701210581376/P2                               5,000.00           10,290.00CR               
16-01-2017 BI176789            TO CASH                             9,000.00                                1,290.00CR               
------------------------------------------------------------------------------------------------------------------------------------
         Total(Curr. INR) :                                         32,000.00             33,290.00              1,290.00CR         
------------------------------------------------------------------------------------------------------------------------------------
 
^